  stdafx.cpp
  Animation.cpp
  D2DRenderer+Draw.cpp
  D2DRenderer.cpp
  EventManager.cpp
  FloatRect.cpp
  GameNode.cpp
  GameObject.cpp
  IEvent.cpp
  Image.cpp
  ImageManager.cpp
  KeyManager.cpp
  ObjectManager.cpp
C:\Users\heech\OneDrive\바탕 화면\repo\Doodle Jump\GameFramework\Image.cpp(95,38): warning C4244: '=': 'int'에서 'float'(으)로 변환하면서 데이터가 손실될 수 있습니다.
  (소스 파일 '/GameFramework/Image.cpp'을(를) 컴파일하는 중)
  
C:\Users\heech\OneDrive\바탕 화면\repo\Doodle Jump\GameFramework\Image.cpp(96,39): warning C4244: '=': 'int'에서 'float'(으)로 변환하면서 데이터가 손실될 수 있습니다.
  (소스 파일 '/GameFramework/Image.cpp'을(를) 컴파일하는 중)
  
  SceneManager.cpp
  SoundManager.cpp
  StringHelper.cpp
  TextData.cpp
  TimeManager.cpp
  Timer.cpp
  Utils.cpp
  Vector2.cpp
  코드를 생성하고 있습니다...
  컴파일하고 있습니다...
  Bullet.cpp
  Doodle.cpp
C:\Users\heech\OneDrive\바탕 화면\repo\Doodle Jump\PlayGround\Doodle.cpp(30,134): warning C4244: '인수': 'float'에서 'int'(으)로 변환하면서 데이터가 손실될 수 있습니다.
  (소스 파일 '/PlayGround/Doodle.cpp'을(를) 컴파일하는 중)
  
C:\Users\heech\OneDrive\바탕 화면\repo\Doodle Jump\PlayGround\Doodle.cpp(30,103): warning C4244: '인수': 'float'에서 'int'(으)로 변환하면서 데이터가 손실될 수 있습니다.
  (소스 파일 '/PlayGround/Doodle.cpp'을(를) 컴파일하는 중)
  
  Platform.cpp
  Player.cpp
C:\Users\heech\OneDrive\바탕 화면\repo\Doodle Jump\PlayGround\Player.cpp(31,138): warning C4244: '인수': 'float'에서 'int'(으)로 변환하면서 데이터가 손실될 수 있습니다.
  (소스 파일 '/PlayGround/Player.cpp'을(를) 컴파일하는 중)
  
C:\Users\heech\OneDrive\바탕 화면\repo\Doodle Jump\PlayGround\Player.cpp(31,106): warning C4244: '인수': 'float'에서 'int'(으)로 변환하면서 데이터가 손실될 수 있습니다.
  (소스 파일 '/PlayGround/Player.cpp'을(를) 컴파일하는 중)
  
  PlayGround.cpp
  Scene.cpp
  TestScene.cpp
  WinMain.cpp
  코드를 생성하고 있습니다...
  D2D-Framework.vcxproj -> C:\Users\heech\OneDrive\바탕 화면\repo\Doodle Jump\x64\Debug\Doodle_Jump.exe
